[2025-01-16 15:50:09] local.ERROR: SQLSTATE[HY000] [1049] Unknown database 'empty_project' (Connection: devis_software, SQL: select `config_can_access_keys`.*, `config_can_access_keys`.`key_label` as `key`, `config_can_access`.`id_role` as `value` from `config_can_access_keys` inner join `config_can_access` on `config_can_access`.`id_can_access_key` = `config_can_access_keys`.`id` where `config_can_access_keys`.`key_label` = group_roles_for_api_user) {"exception":"[object] (Illuminate\\Database\\QueryException(code: 1049): SQLSTATE[HY000] [1049] Unknown database 'empty_project' (Connection: devis_software, SQL: select `config_can_access_keys`.*, `config_can_access_keys`.`key_label` as `key`, `config_can_access`.`id_role` as `value` from `config_can_access_keys` inner join `config_can_access` on `config_can_access`.`id_can_access_key` = `config_can_access_keys`.`id` where `config_can_access_keys`.`key_label` = group_roles_for_api_user) at C:\\Apache24\\htdocs\\new_empty_project_sakai\\back\\vendor\\laravel\\framework\\src\\Illuminate\\Database\\Connection.php:829)
[stacktrace]
#0 C:\\Apache24\\htdocs\\new_empty_project_sakai\\back\\vendor\\laravel\\framework\\src\\Illuminate\\Database\\Connection.php(783): Illuminate\\Database\\Connection->runQueryCallback()
#1 C:\\Apache24\\htdocs\\new_empty_project_sakai\\back\\vendor\\laravel\\framework\\src\\Illuminate\\Database\\Connection.php(414): Illuminate\\Database\\Connection->run()
#2 C:\\Apache24\\htdocs\\new_empty_project_sakai\\back\\vendor\\laravel\\framework\\src\\Illuminate\\Database\\Query\\Builder.php(2913): Illuminate\\Database\\Connection->select()
#3 C:\\Apache24\\htdocs\\new_empty_project_sakai\\back\\vendor\\laravel\\framework\\src\\Illuminate\\Database\\Query\\Builder.php(2902): Illuminate\\Database\\Query\\Builder->runSelect()
#4 C:\\Apache24\\htdocs\\new_empty_project_sakai\\back\\vendor\\laravel\\framework\\src\\Illuminate\\Database\\Query\\Builder.php(3456): Illuminate\\Database\\Query\\Builder->Illuminate\\Database\\Query\\{closure}()
#5 C:\\Apache24\\htdocs\\new_empty_project_sakai\\back\\vendor\\laravel\\framework\\src\\Illuminate\\Database\\Query\\Builder.php(2901): Illuminate\\Database\\Query\\Builder->onceWithColumns()
#6 C:\\Apache24\\htdocs\\new_empty_project_sakai\\back\\vendor\\laravel\\framework\\src\\Illuminate\\Database\\Eloquent\\Builder.php(739): Illuminate\\Database\\Query\\Builder->get()
#7 C:\\Apache24\\htdocs\\new_empty_project_sakai\\back\\vendor\\laravel\\framework\\src\\Illuminate\\Database\\Eloquent\\Builder.php(723): Illuminate\\Database\\Eloquent\\Builder->getModels()
#8 C:\\Apache24\\htdocs\\new_empty_project_sakai\\back\\app\\Models\\helpers.php(306): Illuminate\\Database\\Eloquent\\Builder->get()
#9 C:\\Apache24\\htdocs\\new_empty_project_sakai\\back\\routes\\api_user.php(12): App\\Models\\helpers::getRoleGroup()
#10 C:\\Apache24\\htdocs\\new_empty_project_sakai\\back\\vendor\\laravel\\framework\\src\\Illuminate\\Routing\\Router.php(509): Illuminate\\Routing\\RouteFileRegistrar->{closure}()
#11 C:\\Apache24\\htdocs\\new_empty_project_sakai\\back\\vendor\\laravel\\framework\\src\\Illuminate\\Routing\\Router.php(465): Illuminate\\Routing\\Router->loadRoutes()
#12 C:\\Apache24\\htdocs\\new_empty_project_sakai\\back\\vendor\\laravel\\framework\\src\\Illuminate\\Support\\Facades\\Facade.php(355): Illuminate\\Routing\\Router->group()
#13 C:\\Apache24\\htdocs\\new_empty_project_sakai\\back\\routes\\api_user.php(5): Illuminate\\Support\\Facades\\Facade::__callStatic()
#14 C:\\Apache24\\htdocs\\new_empty_project_sakai\\back\\vendor\\laravel\\framework\\src\\Illuminate\\Routing\\RouteFileRegistrar.php(35): require('...')
#15 C:\\Apache24\\htdocs\\new_empty_project_sakai\\back\\vendor\\laravel\\framework\\src\\Illuminate\\Routing\\Router.php(511): Illuminate\\Routing\\RouteFileRegistrar->register()
#16 C:\\Apache24\\htdocs\\new_empty_project_sakai\\back\\vendor\\laravel\\framework\\src\\Illuminate\\Routing\\Router.php(465): Illuminate\\Routing\\Router->loadRoutes()
#17 C:\\Apache24\\htdocs\\new_empty_project_sakai\\back\\vendor\\laravel\\framework\\src\\Illuminate\\Routing\\RouteRegistrar.php(194): Illuminate\\Routing\\Router->group()
#18 C:\\Apache24\\htdocs\\new_empty_project_sakai\\back\\app\\Providers\\RouteServiceProvider.php(41): Illuminate\\Routing\\RouteRegistrar->group()
#19 C:\\Apache24\\htdocs\\new_empty_project_sakai\\back\\app\\Providers\\RouteServiceProvider.php(18): App\\Providers\\RouteServiceProvider->mapApiUserRoutes()
#20 C:\\Apache24\\htdocs\\new_empty_project_sakai\\back\\vendor\\laravel\\framework\\src\\Illuminate\\Container\\BoundMethod.php(36): App\\Providers\\RouteServiceProvider->map()
#21 C:\\Apache24\\htdocs\\new_empty_project_sakai\\back\\vendor\\laravel\\framework\\src\\Illuminate\\Container\\Util.php(41): Illuminate\\Container\\BoundMethod::Illuminate\\Container\\{closure}()
#22 C:\\Apache24\\htdocs\\new_empty_project_sakai\\back\\vendor\\laravel\\framework\\src\\Illuminate\\Container\\BoundMethod.php(93): Illuminate\\Container\\Util::unwrapIfClosure()
#23 C:\\Apache24\\htdocs\\new_empty_project_sakai\\back\\vendor\\laravel\\framework\\src\\Illuminate\\Container\\BoundMethod.php(35): Illuminate\\Container\\BoundMethod::callBoundMethod()
#24 C:\\Apache24\\htdocs\\new_empty_project_sakai\\back\\vendor\\laravel\\framework\\src\\Illuminate\\Container\\Container.php(662): Illuminate\\Container\\BoundMethod::call()
#25 C:\\Apache24\\htdocs\\new_empty_project_sakai\\back\\vendor\\laravel\\framework\\src\\Illuminate\\Foundation\\Support\\Providers\\RouteServiceProvider.php(122): Illuminate\\Container\\Container->call()
#26 C:\\Apache24\\htdocs\\new_empty_project_sakai\\back\\vendor\\laravel\\framework\\src\\Illuminate\\Foundation\\Support\\Providers\\RouteServiceProvider.php(45): Illuminate\\Foundation\\Support\\Providers\\RouteServiceProvider->loadRoutes()
#27 C:\\Apache24\\htdocs\\new_empty_project_sakai\\back\\vendor\\laravel\\framework\\src\\Illuminate\\Container\\BoundMethod.php(36): Illuminate\\Foundation\\Support\\Providers\\RouteServiceProvider->Illuminate\\Foundation\\Support\\Providers\\{closure}()
#28 C:\\Apache24\\htdocs\\new_empty_project_sakai\\back\\vendor\\laravel\\framework\\src\\Illuminate\\Container\\Util.php(41): Illuminate\\Container\\BoundMethod::Illuminate\\Container\\{closure}()
#29 C:\\Apache24\\htdocs\\new_empty_project_sakai\\back\\vendor\\laravel\\framework\\src\\Illuminate\\Container\\BoundMethod.php(81): Illuminate\\Container\\Util::unwrapIfClosure()
#30 C:\\Apache24\\htdocs\\new_empty_project_sakai\\back\\vendor\\laravel\\framework\\src\\Illuminate\\Container\\BoundMethod.php(35): Illuminate\\Container\\BoundMethod::callBoundMethod()
#31 C:\\Apache24\\htdocs\\new_empty_project_sakai\\back\\vendor\\laravel\\framework\\src\\Illuminate\\Container\\Container.php(662): Illuminate\\Container\\BoundMethod::call()
#32 C:\\Apache24\\htdocs\\new_empty_project_sakai\\back\\vendor\\laravel\\framework\\src\\Illuminate\\Support\\ServiceProvider.php(119): Illuminate\\Container\\Container->call()
#33 C:\\Apache24\\htdocs\\new_empty_project_sakai\\back\\vendor\\laravel\\framework\\src\\Illuminate\\Foundation\\Application.php(1039): Illuminate\\Support\\ServiceProvider->callBootedCallbacks()
#34 C:\\Apache24\\htdocs\\new_empty_project_sakai\\back\\vendor\\laravel\\framework\\src\\Illuminate\\Foundation\\Application.php(1017): Illuminate\\Foundation\\Application->bootProvider()
#35 [internal function]: Illuminate\\Foundation\\Application->Illuminate\\Foundation\\{closure}()
#36 C:\\Apache24\\htdocs\\new_empty_project_sakai\\back\\vendor\\laravel\\framework\\src\\Illuminate\\Foundation\\Application.php(1016): array_walk()
#37 C:\\Apache24\\htdocs\\new_empty_project_sakai\\back\\vendor\\laravel\\framework\\src\\Illuminate\\Foundation\\Bootstrap\\BootProviders.php(17): Illuminate\\Foundation\\Application->boot()
#38 C:\\Apache24\\htdocs\\new_empty_project_sakai\\back\\vendor\\laravel\\framework\\src\\Illuminate\\Foundation\\Application.php(263): Illuminate\\Foundation\\Bootstrap\\BootProviders->bootstrap()
#39 C:\\Apache24\\htdocs\\new_empty_project_sakai\\back\\vendor\\laravel\\framework\\src\\Illuminate\\Foundation\\Console\\Kernel.php(447): Illuminate\\Foundation\\Application->bootstrapWith()
#40 C:\\Apache24\\htdocs\\new_empty_project_sakai\\back\\vendor\\laravel\\framework\\src\\Illuminate\\Foundation\\Console\\Kernel.php(199): Illuminate\\Foundation\\Console\\Kernel->bootstrap()
#41 C:\\Apache24\\htdocs\\new_empty_project_sakai\\back\\artisan(35): Illuminate\\Foundation\\Console\\Kernel->handle()
#42 {main}

[previous exception] [object] (PDOException(code: 1049): SQLSTATE[HY000] [1049] Unknown database 'empty_project' at C:\\Apache24\\htdocs\\new_empty_project_sakai\\back\\vendor\\laravel\\framework\\src\\Illuminate\\Database\\Connectors\\Connector.php:65)
[stacktrace]
#0 C:\\Apache24\\htdocs\\new_empty_project_sakai\\back\\vendor\\laravel\\framework\\src\\Illuminate\\Database\\Connectors\\Connector.php(65): PDO->__construct()
#1 C:\\Apache24\\htdocs\\new_empty_project_sakai\\back\\vendor\\laravel\\framework\\src\\Illuminate\\Database\\Connectors\\Connector.php(44): Illuminate\\Database\\Connectors\\Connector->createPdoConnection()
#2 C:\\Apache24\\htdocs\\new_empty_project_sakai\\back\\vendor\\laravel\\framework\\src\\Illuminate\\Database\\Connectors\\MySqlConnector.php(24): Illuminate\\Database\\Connectors\\Connector->createConnection()
#3 C:\\Apache24\\htdocs\\new_empty_project_sakai\\back\\vendor\\laravel\\framework\\src\\Illuminate\\Database\\Connectors\\ConnectionFactory.php(184): Illuminate\\Database\\Connectors\\MySqlConnector->connect()
#4 [internal function]: Illuminate\\Database\\Connectors\\ConnectionFactory->Illuminate\\Database\\Connectors\\{closure}()
#5 C:\\Apache24\\htdocs\\new_empty_project_sakai\\back\\vendor\\laravel\\framework\\src\\Illuminate\\Database\\Connection.php(1339): call_user_func()
#6 C:\\Apache24\\htdocs\\new_empty_project_sakai\\back\\vendor\\laravel\\framework\\src\\Illuminate\\Database\\Connection.php(1375): Illuminate\\Database\\Connection->getPdo()
#7 C:\\Apache24\\htdocs\\new_empty_project_sakai\\back\\vendor\\laravel\\framework\\src\\Illuminate\\Database\\Connection.php(528): Illuminate\\Database\\Connection->getReadPdo()
#8 C:\\Apache24\\htdocs\\new_empty_project_sakai\\back\\vendor\\laravel\\framework\\src\\Illuminate\\Database\\Connection.php(423): Illuminate\\Database\\Connection->getPdoForSelect()
#9 C:\\Apache24\\htdocs\\new_empty_project_sakai\\back\\vendor\\laravel\\framework\\src\\Illuminate\\Database\\Connection.php(816): Illuminate\\Database\\Connection->Illuminate\\Database\\{closure}()
#10 C:\\Apache24\\htdocs\\new_empty_project_sakai\\back\\vendor\\laravel\\framework\\src\\Illuminate\\Database\\Connection.php(783): Illuminate\\Database\\Connection->runQueryCallback()
#11 C:\\Apache24\\htdocs\\new_empty_project_sakai\\back\\vendor\\laravel\\framework\\src\\Illuminate\\Database\\Connection.php(414): Illuminate\\Database\\Connection->run()
#12 C:\\Apache24\\htdocs\\new_empty_project_sakai\\back\\vendor\\laravel\\framework\\src\\Illuminate\\Database\\Query\\Builder.php(2913): Illuminate\\Database\\Connection->select()
#13 C:\\Apache24\\htdocs\\new_empty_project_sakai\\back\\vendor\\laravel\\framework\\src\\Illuminate\\Database\\Query\\Builder.php(2902): Illuminate\\Database\\Query\\Builder->runSelect()
#14 C:\\Apache24\\htdocs\\new_empty_project_sakai\\back\\vendor\\laravel\\framework\\src\\Illuminate\\Database\\Query\\Builder.php(3456): Illuminate\\Database\\Query\\Builder->Illuminate\\Database\\Query\\{closure}()
#15 C:\\Apache24\\htdocs\\new_empty_project_sakai\\back\\vendor\\laravel\\framework\\src\\Illuminate\\Database\\Query\\Builder.php(2901): Illuminate\\Database\\Query\\Builder->onceWithColumns()
#16 C:\\Apache24\\htdocs\\new_empty_project_sakai\\back\\vendor\\laravel\\framework\\src\\Illuminate\\Database\\Eloquent\\Builder.php(739): Illuminate\\Database\\Query\\Builder->get()
#17 C:\\Apache24\\htdocs\\new_empty_project_sakai\\back\\vendor\\laravel\\framework\\src\\Illuminate\\Database\\Eloquent\\Builder.php(723): Illuminate\\Database\\Eloquent\\Builder->getModels()
#18 C:\\Apache24\\htdocs\\new_empty_project_sakai\\back\\app\\Models\\helpers.php(306): Illuminate\\Database\\Eloquent\\Builder->get()
#19 C:\\Apache24\\htdocs\\new_empty_project_sakai\\back\\routes\\api_user.php(12): App\\Models\\helpers::getRoleGroup()
#20 C:\\Apache24\\htdocs\\new_empty_project_sakai\\back\\vendor\\laravel\\framework\\src\\Illuminate\\Routing\\Router.php(509): Illuminate\\Routing\\RouteFileRegistrar->{closure}()
#21 C:\\Apache24\\htdocs\\new_empty_project_sakai\\back\\vendor\\laravel\\framework\\src\\Illuminate\\Routing\\Router.php(465): Illuminate\\Routing\\Router->loadRoutes()
#22 C:\\Apache24\\htdocs\\new_empty_project_sakai\\back\\vendor\\laravel\\framework\\src\\Illuminate\\Support\\Facades\\Facade.php(355): Illuminate\\Routing\\Router->group()
#23 C:\\Apache24\\htdocs\\new_empty_project_sakai\\back\\routes\\api_user.php(5): Illuminate\\Support\\Facades\\Facade::__callStatic()
#24 C:\\Apache24\\htdocs\\new_empty_project_sakai\\back\\vendor\\laravel\\framework\\src\\Illuminate\\Routing\\RouteFileRegistrar.php(35): require('...')
#25 C:\\Apache24\\htdocs\\new_empty_project_sakai\\back\\vendor\\laravel\\framework\\src\\Illuminate\\Routing\\Router.php(511): Illuminate\\Routing\\RouteFileRegistrar->register()
#26 C:\\Apache24\\htdocs\\new_empty_project_sakai\\back\\vendor\\laravel\\framework\\src\\Illuminate\\Routing\\Router.php(465): Illuminate\\Routing\\Router->loadRoutes()
#27 C:\\Apache24\\htdocs\\new_empty_project_sakai\\back\\vendor\\laravel\\framework\\src\\Illuminate\\Routing\\RouteRegistrar.php(194): Illuminate\\Routing\\Router->group()
#28 C:\\Apache24\\htdocs\\new_empty_project_sakai\\back\\app\\Providers\\RouteServiceProvider.php(41): Illuminate\\Routing\\RouteRegistrar->group()
#29 C:\\Apache24\\htdocs\\new_empty_project_sakai\\back\\app\\Providers\\RouteServiceProvider.php(18): App\\Providers\\RouteServiceProvider->mapApiUserRoutes()
#30 C:\\Apache24\\htdocs\\new_empty_project_sakai\\back\\vendor\\laravel\\framework\\src\\Illuminate\\Container\\BoundMethod.php(36): App\\Providers\\RouteServiceProvider->map()
#31 C:\\Apache24\\htdocs\\new_empty_project_sakai\\back\\vendor\\laravel\\framework\\src\\Illuminate\\Container\\Util.php(41): Illuminate\\Container\\BoundMethod::Illuminate\\Container\\{closure}()
#32 C:\\Apache24\\htdocs\\new_empty_project_sakai\\back\\vendor\\laravel\\framework\\src\\Illuminate\\Container\\BoundMethod.php(93): Illuminate\\Container\\Util::unwrapIfClosure()
#33 C:\\Apache24\\htdocs\\new_empty_project_sakai\\back\\vendor\\laravel\\framework\\src\\Illuminate\\Container\\BoundMethod.php(35): Illuminate\\Container\\BoundMethod::callBoundMethod()
#34 C:\\Apache24\\htdocs\\new_empty_project_sakai\\back\\vendor\\laravel\\framework\\src\\Illuminate\\Container\\Container.php(662): Illuminate\\Container\\BoundMethod::call()
#35 C:\\Apache24\\htdocs\\new_empty_project_sakai\\back\\vendor\\laravel\\framework\\src\\Illuminate\\Foundation\\Support\\Providers\\RouteServiceProvider.php(122): Illuminate\\Container\\Container->call()
#36 C:\\Apache24\\htdocs\\new_empty_project_sakai\\back\\vendor\\laravel\\framework\\src\\Illuminate\\Foundation\\Support\\Providers\\RouteServiceProvider.php(45): Illuminate\\Foundation\\Support\\Providers\\RouteServiceProvider->loadRoutes()
#37 C:\\Apache24\\htdocs\\new_empty_project_sakai\\back\\vendor\\laravel\\framework\\src\\Illuminate\\Container\\BoundMethod.php(36): Illuminate\\Foundation\\Support\\Providers\\RouteServiceProvider->Illuminate\\Foundation\\Support\\Providers\\{closure}()
#38 C:\\Apache24\\htdocs\\new_empty_project_sakai\\back\\vendor\\laravel\\framework\\src\\Illuminate\\Container\\Util.php(41): Illuminate\\Container\\BoundMethod::Illuminate\\Container\\{closure}()
#39 C:\\Apache24\\htdocs\\new_empty_project_sakai\\back\\vendor\\laravel\\framework\\src\\Illuminate\\Container\\BoundMethod.php(81): Illuminate\\Container\\Util::unwrapIfClosure()
#40 C:\\Apache24\\htdocs\\new_empty_project_sakai\\back\\vendor\\laravel\\framework\\src\\Illuminate\\Container\\BoundMethod.php(35): Illuminate\\Container\\BoundMethod::callBoundMethod()
#41 C:\\Apache24\\htdocs\\new_empty_project_sakai\\back\\vendor\\laravel\\framework\\src\\Illuminate\\Container\\Container.php(662): Illuminate\\Container\\BoundMethod::call()
#42 C:\\Apache24\\htdocs\\new_empty_project_sakai\\back\\vendor\\laravel\\framework\\src\\Illuminate\\Support\\ServiceProvider.php(119): Illuminate\\Container\\Container->call()
#43 C:\\Apache24\\htdocs\\new_empty_project_sakai\\back\\vendor\\laravel\\framework\\src\\Illuminate\\Foundation\\Application.php(1039): Illuminate\\Support\\ServiceProvider->callBootedCallbacks()
#44 C:\\Apache24\\htdocs\\new_empty_project_sakai\\back\\vendor\\laravel\\framework\\src\\Illuminate\\Foundation\\Application.php(1017): Illuminate\\Foundation\\Application->bootProvider()
#45 [internal function]: Illuminate\\Foundation\\Application->Illuminate\\Foundation\\{closure}()
#46 C:\\Apache24\\htdocs\\new_empty_project_sakai\\back\\vendor\\laravel\\framework\\src\\Illuminate\\Foundation\\Application.php(1016): array_walk()
#47 C:\\Apache24\\htdocs\\new_empty_project_sakai\\back\\vendor\\laravel\\framework\\src\\Illuminate\\Foundation\\Bootstrap\\BootProviders.php(17): Illuminate\\Foundation\\Application->boot()
#48 C:\\Apache24\\htdocs\\new_empty_project_sakai\\back\\vendor\\laravel\\framework\\src\\Illuminate\\Foundation\\Application.php(263): Illuminate\\Foundation\\Bootstrap\\BootProviders->bootstrap()
#49 C:\\Apache24\\htdocs\\new_empty_project_sakai\\back\\vendor\\laravel\\framework\\src\\Illuminate\\Foundation\\Console\\Kernel.php(447): Illuminate\\Foundation\\Application->bootstrapWith()
#50 C:\\Apache24\\htdocs\\new_empty_project_sakai\\back\\vendor\\laravel\\framework\\src\\Illuminate\\Foundation\\Console\\Kernel.php(199): Illuminate\\Foundation\\Console\\Kernel->bootstrap()
#51 C:\\Apache24\\htdocs\\new_empty_project_sakai\\back\\artisan(35): Illuminate\\Foundation\\Console\\Kernel->handle()
#52 {main}
"} 
