[2024-10-24 12:20:51] local.ERROR: Method App\Http\Controllers\Parametrage\BanqueController::AfficherOrganisme does not exist. {"userId":2,"exception":"[object] (BadMethodCallException(code: 0): Method App\\Http\\Controllers\\Parametrage\\BanqueController::AfficherOrganisme does not exist. at C:\\Apache24\\htdocs\\yariss_logistics\\api\\vendor\\laravel\\framework\\src\\Illuminate\\Routing\\Controller.php:68)
[stacktrace]
#0 C:\\Apache24\\htdocs\\yariss_logistics\\api\\vendor\\laravel\\framework\\src\\Illuminate\\Routing\\Controller.php(54): Illuminate\\Routing\\Controller->__call()
#1 C:\\Apache24\\htdocs\\yariss_logistics\\api\\vendor\\laravel\\framework\\src\\Illuminate\\Routing\\ControllerDispatcher.php(43): Illuminate\\Routing\\Controller->callAction()
#2 C:\\Apache24\\htdocs\\yariss_logistics\\api\\vendor\\laravel\\framework\\src\\Illuminate\\Routing\\Route.php(259): Illuminate\\Routing\\ControllerDispatcher->dispatch()
#3 C:\\Apache24\\htdocs\\yariss_logistics\\api\\vendor\\laravel\\framework\\src\\Illuminate\\Routing\\Route.php(205): Illuminate\\Routing\\Route->runController()
#4 C:\\Apache24\\htdocs\\yariss_logistics\\api\\vendor\\laravel\\framework\\src\\Illuminate\\Routing\\Router.php(806): Illuminate\\Routing\\Route->run()
#5 C:\\Apache24\\htdocs\\yariss_logistics\\api\\vendor\\laravel\\framework\\src\\Illuminate\\Pipeline\\Pipeline.php(144): Illuminate\\Routing\\Router->Illuminate\\Routing\\{closure}()
#6 C:\\Apache24\\htdocs\\yariss_logistics\\api\\app\\Http\\Middleware\\CheckRole.php(25): Illuminate\\Pipeline\\Pipeline->Illuminate\\Pipeline\\{closure}()
#7 C:\\Apache24\\htdocs\\yariss_logistics\\api\\vendor\\laravel\\framework\\src\\Illuminate\\Pipeline\\Pipeline.php(183): App\\Http\\Middleware\\CheckRole->handle()
#8 C:\\Apache24\\htdocs\\yariss_logistics\\api\\vendor\\laravel\\framework\\src\\Illuminate\\Routing\\Middleware\\SubstituteBindings.php(50): Illuminate\\Pipeline\\Pipeline->Illuminate\\Pipeline\\{closure}()
#9 C:\\Apache24\\htdocs\\yariss_logistics\\api\\vendor\\laravel\\framework\\src\\Illuminate\\Pipeline\\Pipeline.php(183): Illuminate\\Routing\\Middleware\\SubstituteBindings->handle()
#10 C:\\Apache24\\htdocs\\yariss_logistics\\api\\vendor\\laravel\\framework\\src\\Illuminate\\Routing\\Middleware\\ThrottleRequests.php(159): Illuminate\\Pipeline\\Pipeline->Illuminate\\Pipeline\\{closure}()
#11 C:\\Apache24\\htdocs\\yariss_logistics\\api\\vendor\\laravel\\framework\\src\\Illuminate\\Routing\\Middleware\\ThrottleRequests.php(90): Illuminate\\Routing\\Middleware\\ThrottleRequests->handleRequest()
#12 C:\\Apache24\\htdocs\\yariss_logistics\\api\\vendor\\laravel\\framework\\src\\Illuminate\\Pipeline\\Pipeline.php(183): Illuminate\\Routing\\Middleware\\ThrottleRequests->handle()
#13 C:\\Apache24\\htdocs\\yariss_logistics\\api\\app\\Http\\Middleware\\JwtMiddlewareAdmin.php(23): Illuminate\\Pipeline\\Pipeline->Illuminate\\Pipeline\\{closure}()
#14 C:\\Apache24\\htdocs\\yariss_logistics\\api\\vendor\\laravel\\framework\\src\\Illuminate\\Pipeline\\Pipeline.php(183): App\\Http\\Middleware\\JwtMiddlewareAdmin->handle()
#15 C:\\Apache24\\htdocs\\yariss_logistics\\api\\vendor\\laravel\\framework\\src\\Illuminate\\Pipeline\\Pipeline.php(119): Illuminate\\Pipeline\\Pipeline->Illuminate\\Pipeline\\{closure}()
#16 C:\\Apache24\\htdocs\\yariss_logistics\\api\\vendor\\laravel\\framework\\src\\Illuminate\\Routing\\Router.php(805): Illuminate\\Pipeline\\Pipeline->then()
#17 C:\\Apache24\\htdocs\\yariss_logistics\\api\\vendor\\laravel\\framework\\src\\Illuminate\\Routing\\Router.php(784): Illuminate\\Routing\\Router->runRouteWithinStack()
#18 C:\\Apache24\\htdocs\\yariss_logistics\\api\\vendor\\laravel\\framework\\src\\Illuminate\\Routing\\Router.php(748): Illuminate\\Routing\\Router->runRoute()
#19 C:\\Apache24\\htdocs\\yariss_logistics\\api\\vendor\\laravel\\framework\\src\\Illuminate\\Routing\\Router.php(737): Illuminate\\Routing\\Router->dispatchToRoute()
#20 C:\\Apache24\\htdocs\\yariss_logistics\\api\\vendor\\laravel\\framework\\src\\Illuminate\\Foundation\\Http\\Kernel.php(200): Illuminate\\Routing\\Router->dispatch()
#21 C:\\Apache24\\htdocs\\yariss_logistics\\api\\vendor\\laravel\\framework\\src\\Illuminate\\Pipeline\\Pipeline.php(144): Illuminate\\Foundation\\Http\\Kernel->Illuminate\\Foundation\\Http\\{closure}()
#22 C:\\Apache24\\htdocs\\yariss_logistics\\api\\app\\Http\\Middleware\\CorsPolicy.php(20): Illuminate\\Pipeline\\Pipeline->Illuminate\\Pipeline\\{closure}()
#23 C:\\Apache24\\htdocs\\yariss_logistics\\api\\vendor\\laravel\\framework\\src\\Illuminate\\Pipeline\\Pipeline.php(183): App\\Http\\Middleware\\CorsPolicy->handle()
#24 C:\\Apache24\\htdocs\\yariss_logistics\\api\\vendor\\laravel\\framework\\src\\Illuminate\\Foundation\\Http\\Middleware\\TransformsRequest.php(21): Illuminate\\Pipeline\\Pipeline->Illuminate\\Pipeline\\{closure}()
#25 C:\\Apache24\\htdocs\\yariss_logistics\\api\\vendor\\laravel\\framework\\src\\Illuminate\\Foundation\\Http\\Middleware\\ConvertEmptyStringsToNull.php(31): Illuminate\\Foundation\\Http\\Middleware\\TransformsRequest->handle()
#26 C:\\Apache24\\htdocs\\yariss_logistics\\api\\vendor\\laravel\\framework\\src\\Illuminate\\Pipeline\\Pipeline.php(183): Illuminate\\Foundation\\Http\\Middleware\\ConvertEmptyStringsToNull->handle()
#27 C:\\Apache24\\htdocs\\yariss_logistics\\api\\vendor\\laravel\\framework\\src\\Illuminate\\Foundation\\Http\\Middleware\\ValidatePostSize.php(27): Illuminate\\Pipeline\\Pipeline->Illuminate\\Pipeline\\{closure}()
#28 C:\\Apache24\\htdocs\\yariss_logistics\\api\\vendor\\laravel\\framework\\src\\Illuminate\\Pipeline\\Pipeline.php(183): Illuminate\\Foundation\\Http\\Middleware\\ValidatePostSize->handle()
#29 C:\\Apache24\\htdocs\\yariss_logistics\\api\\vendor\\laravel\\framework\\src\\Illuminate\\Pipeline\\Pipeline.php(119): Illuminate\\Pipeline\\Pipeline->Illuminate\\Pipeline\\{closure}()
#30 C:\\Apache24\\htdocs\\yariss_logistics\\api\\vendor\\laravel\\framework\\src\\Illuminate\\Foundation\\Http\\Kernel.php(175): Illuminate\\Pipeline\\Pipeline->then()
#31 C:\\Apache24\\htdocs\\yariss_logistics\\api\\vendor\\laravel\\framework\\src\\Illuminate\\Foundation\\Http\\Kernel.php(144): Illuminate\\Foundation\\Http\\Kernel->sendRequestThroughRouter()
#32 C:\\Apache24\\htdocs\\yariss_logistics\\api\\public\\index.php(54): Illuminate\\Foundation\\Http\\Kernel->handle()
#33 C:\\Apache24\\htdocs\\yariss_logistics\\api\\server.php(21): require_once('...')
#34 {main}
"} 
[2024-10-24 12:21:02] local.ERROR: Method App\Http\Controllers\Parametrage\BanqueController::AfficherOrganisme does not exist. {"userId":2,"exception":"[object] (BadMethodCallException(code: 0): Method App\\Http\\Controllers\\Parametrage\\BanqueController::AfficherOrganisme does not exist. at C:\\Apache24\\htdocs\\yariss_logistics\\api\\vendor\\laravel\\framework\\src\\Illuminate\\Routing\\Controller.php:68)
[stacktrace]
#0 C:\\Apache24\\htdocs\\yariss_logistics\\api\\vendor\\laravel\\framework\\src\\Illuminate\\Routing\\Controller.php(54): Illuminate\\Routing\\Controller->__call()
#1 C:\\Apache24\\htdocs\\yariss_logistics\\api\\vendor\\laravel\\framework\\src\\Illuminate\\Routing\\ControllerDispatcher.php(43): Illuminate\\Routing\\Controller->callAction()
#2 C:\\Apache24\\htdocs\\yariss_logistics\\api\\vendor\\laravel\\framework\\src\\Illuminate\\Routing\\Route.php(259): Illuminate\\Routing\\ControllerDispatcher->dispatch()
#3 C:\\Apache24\\htdocs\\yariss_logistics\\api\\vendor\\laravel\\framework\\src\\Illuminate\\Routing\\Route.php(205): Illuminate\\Routing\\Route->runController()
#4 C:\\Apache24\\htdocs\\yariss_logistics\\api\\vendor\\laravel\\framework\\src\\Illuminate\\Routing\\Router.php(806): Illuminate\\Routing\\Route->run()
#5 C:\\Apache24\\htdocs\\yariss_logistics\\api\\vendor\\laravel\\framework\\src\\Illuminate\\Pipeline\\Pipeline.php(144): Illuminate\\Routing\\Router->Illuminate\\Routing\\{closure}()
#6 C:\\Apache24\\htdocs\\yariss_logistics\\api\\app\\Http\\Middleware\\CheckRole.php(25): Illuminate\\Pipeline\\Pipeline->Illuminate\\Pipeline\\{closure}()
#7 C:\\Apache24\\htdocs\\yariss_logistics\\api\\vendor\\laravel\\framework\\src\\Illuminate\\Pipeline\\Pipeline.php(183): App\\Http\\Middleware\\CheckRole->handle()
#8 C:\\Apache24\\htdocs\\yariss_logistics\\api\\vendor\\laravel\\framework\\src\\Illuminate\\Routing\\Middleware\\SubstituteBindings.php(50): Illuminate\\Pipeline\\Pipeline->Illuminate\\Pipeline\\{closure}()
#9 C:\\Apache24\\htdocs\\yariss_logistics\\api\\vendor\\laravel\\framework\\src\\Illuminate\\Pipeline\\Pipeline.php(183): Illuminate\\Routing\\Middleware\\SubstituteBindings->handle()
#10 C:\\Apache24\\htdocs\\yariss_logistics\\api\\vendor\\laravel\\framework\\src\\Illuminate\\Routing\\Middleware\\ThrottleRequests.php(159): Illuminate\\Pipeline\\Pipeline->Illuminate\\Pipeline\\{closure}()
#11 C:\\Apache24\\htdocs\\yariss_logistics\\api\\vendor\\laravel\\framework\\src\\Illuminate\\Routing\\Middleware\\ThrottleRequests.php(90): Illuminate\\Routing\\Middleware\\ThrottleRequests->handleRequest()
#12 C:\\Apache24\\htdocs\\yariss_logistics\\api\\vendor\\laravel\\framework\\src\\Illuminate\\Pipeline\\Pipeline.php(183): Illuminate\\Routing\\Middleware\\ThrottleRequests->handle()
#13 C:\\Apache24\\htdocs\\yariss_logistics\\api\\app\\Http\\Middleware\\JwtMiddlewareAdmin.php(23): Illuminate\\Pipeline\\Pipeline->Illuminate\\Pipeline\\{closure}()
#14 C:\\Apache24\\htdocs\\yariss_logistics\\api\\vendor\\laravel\\framework\\src\\Illuminate\\Pipeline\\Pipeline.php(183): App\\Http\\Middleware\\JwtMiddlewareAdmin->handle()
#15 C:\\Apache24\\htdocs\\yariss_logistics\\api\\vendor\\laravel\\framework\\src\\Illuminate\\Pipeline\\Pipeline.php(119): Illuminate\\Pipeline\\Pipeline->Illuminate\\Pipeline\\{closure}()
#16 C:\\Apache24\\htdocs\\yariss_logistics\\api\\vendor\\laravel\\framework\\src\\Illuminate\\Routing\\Router.php(805): Illuminate\\Pipeline\\Pipeline->then()
#17 C:\\Apache24\\htdocs\\yariss_logistics\\api\\vendor\\laravel\\framework\\src\\Illuminate\\Routing\\Router.php(784): Illuminate\\Routing\\Router->runRouteWithinStack()
#18 C:\\Apache24\\htdocs\\yariss_logistics\\api\\vendor\\laravel\\framework\\src\\Illuminate\\Routing\\Router.php(748): Illuminate\\Routing\\Router->runRoute()
#19 C:\\Apache24\\htdocs\\yariss_logistics\\api\\vendor\\laravel\\framework\\src\\Illuminate\\Routing\\Router.php(737): Illuminate\\Routing\\Router->dispatchToRoute()
#20 C:\\Apache24\\htdocs\\yariss_logistics\\api\\vendor\\laravel\\framework\\src\\Illuminate\\Foundation\\Http\\Kernel.php(200): Illuminate\\Routing\\Router->dispatch()
#21 C:\\Apache24\\htdocs\\yariss_logistics\\api\\vendor\\laravel\\framework\\src\\Illuminate\\Pipeline\\Pipeline.php(144): Illuminate\\Foundation\\Http\\Kernel->Illuminate\\Foundation\\Http\\{closure}()
#22 C:\\Apache24\\htdocs\\yariss_logistics\\api\\app\\Http\\Middleware\\CorsPolicy.php(20): Illuminate\\Pipeline\\Pipeline->Illuminate\\Pipeline\\{closure}()
#23 C:\\Apache24\\htdocs\\yariss_logistics\\api\\vendor\\laravel\\framework\\src\\Illuminate\\Pipeline\\Pipeline.php(183): App\\Http\\Middleware\\CorsPolicy->handle()
#24 C:\\Apache24\\htdocs\\yariss_logistics\\api\\vendor\\laravel\\framework\\src\\Illuminate\\Foundation\\Http\\Middleware\\TransformsRequest.php(21): Illuminate\\Pipeline\\Pipeline->Illuminate\\Pipeline\\{closure}()
#25 C:\\Apache24\\htdocs\\yariss_logistics\\api\\vendor\\laravel\\framework\\src\\Illuminate\\Foundation\\Http\\Middleware\\ConvertEmptyStringsToNull.php(31): Illuminate\\Foundation\\Http\\Middleware\\TransformsRequest->handle()
#26 C:\\Apache24\\htdocs\\yariss_logistics\\api\\vendor\\laravel\\framework\\src\\Illuminate\\Pipeline\\Pipeline.php(183): Illuminate\\Foundation\\Http\\Middleware\\ConvertEmptyStringsToNull->handle()
#27 C:\\Apache24\\htdocs\\yariss_logistics\\api\\vendor\\laravel\\framework\\src\\Illuminate\\Foundation\\Http\\Middleware\\ValidatePostSize.php(27): Illuminate\\Pipeline\\Pipeline->Illuminate\\Pipeline\\{closure}()
#28 C:\\Apache24\\htdocs\\yariss_logistics\\api\\vendor\\laravel\\framework\\src\\Illuminate\\Pipeline\\Pipeline.php(183): Illuminate\\Foundation\\Http\\Middleware\\ValidatePostSize->handle()
#29 C:\\Apache24\\htdocs\\yariss_logistics\\api\\vendor\\laravel\\framework\\src\\Illuminate\\Pipeline\\Pipeline.php(119): Illuminate\\Pipeline\\Pipeline->Illuminate\\Pipeline\\{closure}()
#30 C:\\Apache24\\htdocs\\yariss_logistics\\api\\vendor\\laravel\\framework\\src\\Illuminate\\Foundation\\Http\\Kernel.php(175): Illuminate\\Pipeline\\Pipeline->then()
#31 C:\\Apache24\\htdocs\\yariss_logistics\\api\\vendor\\laravel\\framework\\src\\Illuminate\\Foundation\\Http\\Kernel.php(144): Illuminate\\Foundation\\Http\\Kernel->sendRequestThroughRouter()
#32 C:\\Apache24\\htdocs\\yariss_logistics\\api\\public\\index.php(54): Illuminate\\Foundation\\Http\\Kernel->handle()
#33 C:\\Apache24\\htdocs\\yariss_logistics\\api\\server.php(21): require_once('...')
#34 {main}
"} 
[2024-10-24 12:21:59] local.ERROR: Method App\Http\Controllers\Parametrage\BanqueController::AfficherOrganisme does not exist. {"userId":2,"exception":"[object] (BadMethodCallException(code: 0): Method App\\Http\\Controllers\\Parametrage\\BanqueController::AfficherOrganisme does not exist. at C:\\Apache24\\htdocs\\yariss_logistics\\api\\vendor\\laravel\\framework\\src\\Illuminate\\Routing\\Controller.php:68)
[stacktrace]
#0 C:\\Apache24\\htdocs\\yariss_logistics\\api\\vendor\\laravel\\framework\\src\\Illuminate\\Routing\\Controller.php(54): Illuminate\\Routing\\Controller->__call()
#1 C:\\Apache24\\htdocs\\yariss_logistics\\api\\vendor\\laravel\\framework\\src\\Illuminate\\Routing\\ControllerDispatcher.php(43): Illuminate\\Routing\\Controller->callAction()
#2 C:\\Apache24\\htdocs\\yariss_logistics\\api\\vendor\\laravel\\framework\\src\\Illuminate\\Routing\\Route.php(259): Illuminate\\Routing\\ControllerDispatcher->dispatch()
#3 C:\\Apache24\\htdocs\\yariss_logistics\\api\\vendor\\laravel\\framework\\src\\Illuminate\\Routing\\Route.php(205): Illuminate\\Routing\\Route->runController()
#4 C:\\Apache24\\htdocs\\yariss_logistics\\api\\vendor\\laravel\\framework\\src\\Illuminate\\Routing\\Router.php(806): Illuminate\\Routing\\Route->run()
#5 C:\\Apache24\\htdocs\\yariss_logistics\\api\\vendor\\laravel\\framework\\src\\Illuminate\\Pipeline\\Pipeline.php(144): Illuminate\\Routing\\Router->Illuminate\\Routing\\{closure}()
#6 C:\\Apache24\\htdocs\\yariss_logistics\\api\\app\\Http\\Middleware\\CheckRole.php(25): Illuminate\\Pipeline\\Pipeline->Illuminate\\Pipeline\\{closure}()
#7 C:\\Apache24\\htdocs\\yariss_logistics\\api\\vendor\\laravel\\framework\\src\\Illuminate\\Pipeline\\Pipeline.php(183): App\\Http\\Middleware\\CheckRole->handle()
#8 C:\\Apache24\\htdocs\\yariss_logistics\\api\\vendor\\laravel\\framework\\src\\Illuminate\\Routing\\Middleware\\SubstituteBindings.php(50): Illuminate\\Pipeline\\Pipeline->Illuminate\\Pipeline\\{closure}()
#9 C:\\Apache24\\htdocs\\yariss_logistics\\api\\vendor\\laravel\\framework\\src\\Illuminate\\Pipeline\\Pipeline.php(183): Illuminate\\Routing\\Middleware\\SubstituteBindings->handle()
#10 C:\\Apache24\\htdocs\\yariss_logistics\\api\\vendor\\laravel\\framework\\src\\Illuminate\\Routing\\Middleware\\ThrottleRequests.php(159): Illuminate\\Pipeline\\Pipeline->Illuminate\\Pipeline\\{closure}()
#11 C:\\Apache24\\htdocs\\yariss_logistics\\api\\vendor\\laravel\\framework\\src\\Illuminate\\Routing\\Middleware\\ThrottleRequests.php(90): Illuminate\\Routing\\Middleware\\ThrottleRequests->handleRequest()
#12 C:\\Apache24\\htdocs\\yariss_logistics\\api\\vendor\\laravel\\framework\\src\\Illuminate\\Pipeline\\Pipeline.php(183): Illuminate\\Routing\\Middleware\\ThrottleRequests->handle()
#13 C:\\Apache24\\htdocs\\yariss_logistics\\api\\app\\Http\\Middleware\\JwtMiddlewareAdmin.php(23): Illuminate\\Pipeline\\Pipeline->Illuminate\\Pipeline\\{closure}()
#14 C:\\Apache24\\htdocs\\yariss_logistics\\api\\vendor\\laravel\\framework\\src\\Illuminate\\Pipeline\\Pipeline.php(183): App\\Http\\Middleware\\JwtMiddlewareAdmin->handle()
#15 C:\\Apache24\\htdocs\\yariss_logistics\\api\\vendor\\laravel\\framework\\src\\Illuminate\\Pipeline\\Pipeline.php(119): Illuminate\\Pipeline\\Pipeline->Illuminate\\Pipeline\\{closure}()
#16 C:\\Apache24\\htdocs\\yariss_logistics\\api\\vendor\\laravel\\framework\\src\\Illuminate\\Routing\\Router.php(805): Illuminate\\Pipeline\\Pipeline->then()
#17 C:\\Apache24\\htdocs\\yariss_logistics\\api\\vendor\\laravel\\framework\\src\\Illuminate\\Routing\\Router.php(784): Illuminate\\Routing\\Router->runRouteWithinStack()
#18 C:\\Apache24\\htdocs\\yariss_logistics\\api\\vendor\\laravel\\framework\\src\\Illuminate\\Routing\\Router.php(748): Illuminate\\Routing\\Router->runRoute()
#19 C:\\Apache24\\htdocs\\yariss_logistics\\api\\vendor\\laravel\\framework\\src\\Illuminate\\Routing\\Router.php(737): Illuminate\\Routing\\Router->dispatchToRoute()
#20 C:\\Apache24\\htdocs\\yariss_logistics\\api\\vendor\\laravel\\framework\\src\\Illuminate\\Foundation\\Http\\Kernel.php(200): Illuminate\\Routing\\Router->dispatch()
#21 C:\\Apache24\\htdocs\\yariss_logistics\\api\\vendor\\laravel\\framework\\src\\Illuminate\\Pipeline\\Pipeline.php(144): Illuminate\\Foundation\\Http\\Kernel->Illuminate\\Foundation\\Http\\{closure}()
#22 C:\\Apache24\\htdocs\\yariss_logistics\\api\\app\\Http\\Middleware\\CorsPolicy.php(20): Illuminate\\Pipeline\\Pipeline->Illuminate\\Pipeline\\{closure}()
#23 C:\\Apache24\\htdocs\\yariss_logistics\\api\\vendor\\laravel\\framework\\src\\Illuminate\\Pipeline\\Pipeline.php(183): App\\Http\\Middleware\\CorsPolicy->handle()
#24 C:\\Apache24\\htdocs\\yariss_logistics\\api\\vendor\\laravel\\framework\\src\\Illuminate\\Foundation\\Http\\Middleware\\TransformsRequest.php(21): Illuminate\\Pipeline\\Pipeline->Illuminate\\Pipeline\\{closure}()
#25 C:\\Apache24\\htdocs\\yariss_logistics\\api\\vendor\\laravel\\framework\\src\\Illuminate\\Foundation\\Http\\Middleware\\ConvertEmptyStringsToNull.php(31): Illuminate\\Foundation\\Http\\Middleware\\TransformsRequest->handle()
#26 C:\\Apache24\\htdocs\\yariss_logistics\\api\\vendor\\laravel\\framework\\src\\Illuminate\\Pipeline\\Pipeline.php(183): Illuminate\\Foundation\\Http\\Middleware\\ConvertEmptyStringsToNull->handle()
#27 C:\\Apache24\\htdocs\\yariss_logistics\\api\\vendor\\laravel\\framework\\src\\Illuminate\\Foundation\\Http\\Middleware\\ValidatePostSize.php(27): Illuminate\\Pipeline\\Pipeline->Illuminate\\Pipeline\\{closure}()
#28 C:\\Apache24\\htdocs\\yariss_logistics\\api\\vendor\\laravel\\framework\\src\\Illuminate\\Pipeline\\Pipeline.php(183): Illuminate\\Foundation\\Http\\Middleware\\ValidatePostSize->handle()
#29 C:\\Apache24\\htdocs\\yariss_logistics\\api\\vendor\\laravel\\framework\\src\\Illuminate\\Pipeline\\Pipeline.php(119): Illuminate\\Pipeline\\Pipeline->Illuminate\\Pipeline\\{closure}()
#30 C:\\Apache24\\htdocs\\yariss_logistics\\api\\vendor\\laravel\\framework\\src\\Illuminate\\Foundation\\Http\\Kernel.php(175): Illuminate\\Pipeline\\Pipeline->then()
#31 C:\\Apache24\\htdocs\\yariss_logistics\\api\\vendor\\laravel\\framework\\src\\Illuminate\\Foundation\\Http\\Kernel.php(144): Illuminate\\Foundation\\Http\\Kernel->sendRequestThroughRouter()
#32 C:\\Apache24\\htdocs\\yariss_logistics\\api\\public\\index.php(54): Illuminate\\Foundation\\Http\\Kernel->handle()
#33 C:\\Apache24\\htdocs\\yariss_logistics\\api\\server.php(21): require_once('...')
#34 {main}
"} 
[2024-10-24 13:19:27] local.ERROR: App\Http\Controllers\Depenses\DepensesController::success(): Argument #1 ($data) must be of type array, Illuminate\Database\Eloquent\Collection given, called in C:\Apache24\htdocs\yariss_logistics\api\app\Http\Controllers\Depenses\DepensesController.php on line 160 {"userId":2,"exception":"[object] (TypeError(code: 0): App\\Http\\Controllers\\Depenses\\DepensesController::success(): Argument #1 ($data) must be of type array, Illuminate\\Database\\Eloquent\\Collection given, called in C:\\Apache24\\htdocs\\yariss_logistics\\api\\app\\Http\\Controllers\\Depenses\\DepensesController.php on line 160 at C:\\Apache24\\htdocs\\yariss_logistics\\api\\app\\Traits\\Globlal\\ErrorHandling.php:6)
[stacktrace]
#0 C:\\Apache24\\htdocs\\yariss_logistics\\api\\app\\Http\\Controllers\\Depenses\\DepensesController.php(160): App\\Http\\Controllers\\Depenses\\DepensesController->success()
#1 C:\\Apache24\\htdocs\\yariss_logistics\\api\\vendor\\laravel\\framework\\src\\Illuminate\\Routing\\Controller.php(54): App\\Http\\Controllers\\Depenses\\DepensesController->AfficherRapportDepenses()
#2 C:\\Apache24\\htdocs\\yariss_logistics\\api\\vendor\\laravel\\framework\\src\\Illuminate\\Routing\\ControllerDispatcher.php(43): Illuminate\\Routing\\Controller->callAction()
#3 C:\\Apache24\\htdocs\\yariss_logistics\\api\\vendor\\laravel\\framework\\src\\Illuminate\\Routing\\Route.php(259): Illuminate\\Routing\\ControllerDispatcher->dispatch()
#4 C:\\Apache24\\htdocs\\yariss_logistics\\api\\vendor\\laravel\\framework\\src\\Illuminate\\Routing\\Route.php(205): Illuminate\\Routing\\Route->runController()
#5 C:\\Apache24\\htdocs\\yariss_logistics\\api\\vendor\\laravel\\framework\\src\\Illuminate\\Routing\\Router.php(806): Illuminate\\Routing\\Route->run()
#6 C:\\Apache24\\htdocs\\yariss_logistics\\api\\vendor\\laravel\\framework\\src\\Illuminate\\Pipeline\\Pipeline.php(144): Illuminate\\Routing\\Router->Illuminate\\Routing\\{closure}()
#7 C:\\Apache24\\htdocs\\yariss_logistics\\api\\app\\Http\\Middleware\\CheckRole.php(25): Illuminate\\Pipeline\\Pipeline->Illuminate\\Pipeline\\{closure}()
#8 C:\\Apache24\\htdocs\\yariss_logistics\\api\\vendor\\laravel\\framework\\src\\Illuminate\\Pipeline\\Pipeline.php(183): App\\Http\\Middleware\\CheckRole->handle()
#9 C:\\Apache24\\htdocs\\yariss_logistics\\api\\vendor\\laravel\\framework\\src\\Illuminate\\Routing\\Middleware\\SubstituteBindings.php(50): Illuminate\\Pipeline\\Pipeline->Illuminate\\Pipeline\\{closure}()
#10 C:\\Apache24\\htdocs\\yariss_logistics\\api\\vendor\\laravel\\framework\\src\\Illuminate\\Pipeline\\Pipeline.php(183): Illuminate\\Routing\\Middleware\\SubstituteBindings->handle()
#11 C:\\Apache24\\htdocs\\yariss_logistics\\api\\vendor\\laravel\\framework\\src\\Illuminate\\Routing\\Middleware\\ThrottleRequests.php(159): Illuminate\\Pipeline\\Pipeline->Illuminate\\Pipeline\\{closure}()
#12 C:\\Apache24\\htdocs\\yariss_logistics\\api\\vendor\\laravel\\framework\\src\\Illuminate\\Routing\\Middleware\\ThrottleRequests.php(90): Illuminate\\Routing\\Middleware\\ThrottleRequests->handleRequest()
#13 C:\\Apache24\\htdocs\\yariss_logistics\\api\\vendor\\laravel\\framework\\src\\Illuminate\\Pipeline\\Pipeline.php(183): Illuminate\\Routing\\Middleware\\ThrottleRequests->handle()
#14 C:\\Apache24\\htdocs\\yariss_logistics\\api\\app\\Http\\Middleware\\JwtMiddlewareAdmin.php(23): Illuminate\\Pipeline\\Pipeline->Illuminate\\Pipeline\\{closure}()
#15 C:\\Apache24\\htdocs\\yariss_logistics\\api\\vendor\\laravel\\framework\\src\\Illuminate\\Pipeline\\Pipeline.php(183): App\\Http\\Middleware\\JwtMiddlewareAdmin->handle()
#16 C:\\Apache24\\htdocs\\yariss_logistics\\api\\vendor\\laravel\\framework\\src\\Illuminate\\Pipeline\\Pipeline.php(119): Illuminate\\Pipeline\\Pipeline->Illuminate\\Pipeline\\{closure}()
#17 C:\\Apache24\\htdocs\\yariss_logistics\\api\\vendor\\laravel\\framework\\src\\Illuminate\\Routing\\Router.php(805): Illuminate\\Pipeline\\Pipeline->then()
#18 C:\\Apache24\\htdocs\\yariss_logistics\\api\\vendor\\laravel\\framework\\src\\Illuminate\\Routing\\Router.php(784): Illuminate\\Routing\\Router->runRouteWithinStack()
#19 C:\\Apache24\\htdocs\\yariss_logistics\\api\\vendor\\laravel\\framework\\src\\Illuminate\\Routing\\Router.php(748): Illuminate\\Routing\\Router->runRoute()
#20 C:\\Apache24\\htdocs\\yariss_logistics\\api\\vendor\\laravel\\framework\\src\\Illuminate\\Routing\\Router.php(737): Illuminate\\Routing\\Router->dispatchToRoute()
#21 C:\\Apache24\\htdocs\\yariss_logistics\\api\\vendor\\laravel\\framework\\src\\Illuminate\\Foundation\\Http\\Kernel.php(200): Illuminate\\Routing\\Router->dispatch()
#22 C:\\Apache24\\htdocs\\yariss_logistics\\api\\vendor\\laravel\\framework\\src\\Illuminate\\Pipeline\\Pipeline.php(144): Illuminate\\Foundation\\Http\\Kernel->Illuminate\\Foundation\\Http\\{closure}()
#23 C:\\Apache24\\htdocs\\yariss_logistics\\api\\app\\Http\\Middleware\\CorsPolicy.php(20): Illuminate\\Pipeline\\Pipeline->Illuminate\\Pipeline\\{closure}()
#24 C:\\Apache24\\htdocs\\yariss_logistics\\api\\vendor\\laravel\\framework\\src\\Illuminate\\Pipeline\\Pipeline.php(183): App\\Http\\Middleware\\CorsPolicy->handle()
#25 C:\\Apache24\\htdocs\\yariss_logistics\\api\\vendor\\laravel\\framework\\src\\Illuminate\\Foundation\\Http\\Middleware\\TransformsRequest.php(21): Illuminate\\Pipeline\\Pipeline->Illuminate\\Pipeline\\{closure}()
#26 C:\\Apache24\\htdocs\\yariss_logistics\\api\\vendor\\laravel\\framework\\src\\Illuminate\\Foundation\\Http\\Middleware\\ConvertEmptyStringsToNull.php(31): Illuminate\\Foundation\\Http\\Middleware\\TransformsRequest->handle()
#27 C:\\Apache24\\htdocs\\yariss_logistics\\api\\vendor\\laravel\\framework\\src\\Illuminate\\Pipeline\\Pipeline.php(183): Illuminate\\Foundation\\Http\\Middleware\\ConvertEmptyStringsToNull->handle()
#28 C:\\Apache24\\htdocs\\yariss_logistics\\api\\vendor\\laravel\\framework\\src\\Illuminate\\Foundation\\Http\\Middleware\\ValidatePostSize.php(27): Illuminate\\Pipeline\\Pipeline->Illuminate\\Pipeline\\{closure}()
#29 C:\\Apache24\\htdocs\\yariss_logistics\\api\\vendor\\laravel\\framework\\src\\Illuminate\\Pipeline\\Pipeline.php(183): Illuminate\\Foundation\\Http\\Middleware\\ValidatePostSize->handle()
#30 C:\\Apache24\\htdocs\\yariss_logistics\\api\\vendor\\laravel\\framework\\src\\Illuminate\\Pipeline\\Pipeline.php(119): Illuminate\\Pipeline\\Pipeline->Illuminate\\Pipeline\\{closure}()
#31 C:\\Apache24\\htdocs\\yariss_logistics\\api\\vendor\\laravel\\framework\\src\\Illuminate\\Foundation\\Http\\Kernel.php(175): Illuminate\\Pipeline\\Pipeline->then()
#32 C:\\Apache24\\htdocs\\yariss_logistics\\api\\vendor\\laravel\\framework\\src\\Illuminate\\Foundation\\Http\\Kernel.php(144): Illuminate\\Foundation\\Http\\Kernel->sendRequestThroughRouter()
#33 C:\\Apache24\\htdocs\\yariss_logistics\\api\\public\\index.php(54): Illuminate\\Foundation\\Http\\Kernel->handle()
#34 C:\\Apache24\\htdocs\\yariss_logistics\\api\\server.php(21): require_once('...')
#35 {main}
"} 
