[2024-09-28 11:12:02] local.ERROR: The payload is invalid. {"userId":2,"exception":"[object] (Illuminate\\Contracts\\Encryption\\DecryptException(code: 0): The payload is invalid. at C:\\Apache24\\htdocs\\yariss_logistics\\api\\vendor\\laravel\\framework\\src\\Illuminate\\Encryption\\Encrypter.php:209)
[stacktrace]
#0 C:\\Apache24\\htdocs\\yariss_logistics\\api\\vendor\\laravel\\framework\\src\\Illuminate\\Encryption\\Encrypter.php(151): Illuminate\\Encryption\\Encrypter->getJsonPayload()
#1 C:\\Apache24\\htdocs\\yariss_logistics\\api\\vendor\\laravel\\framework\\src\\Illuminate\\Encryption\\Encrypter.php(183): Illuminate\\Encryption\\Encrypter->decrypt()
#2 C:\\Apache24\\htdocs\\yariss_logistics\\api\\vendor\\laravel\\framework\\src\\Illuminate\\Support\\Facades\\Facade.php(355): Illuminate\\Encryption\\Encrypter->decryptString()
#3 C:\\Apache24\\htdocs\\yariss_logistics\\api\\app\\Http\\Controllers\\Depenses\\DepensesDetailsController.php(31): Illuminate\\Support\\Facades\\Facade::__callStatic()
#4 C:\\Apache24\\htdocs\\yariss_logistics\\api\\vendor\\laravel\\framework\\src\\Illuminate\\Routing\\Controller.php(54): App\\Http\\Controllers\\Depenses\\DepensesDetailsController->AfficherDepensesDetails()
#5 C:\\Apache24\\htdocs\\yariss_logistics\\api\\vendor\\laravel\\framework\\src\\Illuminate\\Routing\\ControllerDispatcher.php(43): Illuminate\\Routing\\Controller->callAction()
#6 C:\\Apache24\\htdocs\\yariss_logistics\\api\\vendor\\laravel\\framework\\src\\Illuminate\\Routing\\Route.php(259): Illuminate\\Routing\\ControllerDispatcher->dispatch()
#7 C:\\Apache24\\htdocs\\yariss_logistics\\api\\vendor\\laravel\\framework\\src\\Illuminate\\Routing\\Route.php(205): Illuminate\\Routing\\Route->runController()
#8 C:\\Apache24\\htdocs\\yariss_logistics\\api\\vendor\\laravel\\framework\\src\\Illuminate\\Routing\\Router.php(806): Illuminate\\Routing\\Route->run()
#9 C:\\Apache24\\htdocs\\yariss_logistics\\api\\vendor\\laravel\\framework\\src\\Illuminate\\Pipeline\\Pipeline.php(144): Illuminate\\Routing\\Router->Illuminate\\Routing\\{closure}()
#10 C:\\Apache24\\htdocs\\yariss_logistics\\api\\app\\Http\\Middleware\\CheckRole.php(25): Illuminate\\Pipeline\\Pipeline->Illuminate\\Pipeline\\{closure}()
#11 C:\\Apache24\\htdocs\\yariss_logistics\\api\\vendor\\laravel\\framework\\src\\Illuminate\\Pipeline\\Pipeline.php(183): App\\Http\\Middleware\\CheckRole->handle()
#12 C:\\Apache24\\htdocs\\yariss_logistics\\api\\vendor\\laravel\\framework\\src\\Illuminate\\Routing\\Middleware\\SubstituteBindings.php(50): Illuminate\\Pipeline\\Pipeline->Illuminate\\Pipeline\\{closure}()
#13 C:\\Apache24\\htdocs\\yariss_logistics\\api\\vendor\\laravel\\framework\\src\\Illuminate\\Pipeline\\Pipeline.php(183): Illuminate\\Routing\\Middleware\\SubstituteBindings->handle()
#14 C:\\Apache24\\htdocs\\yariss_logistics\\api\\vendor\\laravel\\framework\\src\\Illuminate\\Routing\\Middleware\\ThrottleRequests.php(159): Illuminate\\Pipeline\\Pipeline->Illuminate\\Pipeline\\{closure}()
#15 C:\\Apache24\\htdocs\\yariss_logistics\\api\\vendor\\laravel\\framework\\src\\Illuminate\\Routing\\Middleware\\ThrottleRequests.php(90): Illuminate\\Routing\\Middleware\\ThrottleRequests->handleRequest()
#16 C:\\Apache24\\htdocs\\yariss_logistics\\api\\vendor\\laravel\\framework\\src\\Illuminate\\Pipeline\\Pipeline.php(183): Illuminate\\Routing\\Middleware\\ThrottleRequests->handle()
#17 C:\\Apache24\\htdocs\\yariss_logistics\\api\\app\\Http\\Middleware\\JwtMiddlewareAdmin.php(23): Illuminate\\Pipeline\\Pipeline->Illuminate\\Pipeline\\{closure}()
#18 C:\\Apache24\\htdocs\\yariss_logistics\\api\\vendor\\laravel\\framework\\src\\Illuminate\\Pipeline\\Pipeline.php(183): App\\Http\\Middleware\\JwtMiddlewareAdmin->handle()
#19 C:\\Apache24\\htdocs\\yariss_logistics\\api\\vendor\\laravel\\framework\\src\\Illuminate\\Pipeline\\Pipeline.php(119): Illuminate\\Pipeline\\Pipeline->Illuminate\\Pipeline\\{closure}()
#20 C:\\Apache24\\htdocs\\yariss_logistics\\api\\vendor\\laravel\\framework\\src\\Illuminate\\Routing\\Router.php(805): Illuminate\\Pipeline\\Pipeline->then()
#21 C:\\Apache24\\htdocs\\yariss_logistics\\api\\vendor\\laravel\\framework\\src\\Illuminate\\Routing\\Router.php(784): Illuminate\\Routing\\Router->runRouteWithinStack()
#22 C:\\Apache24\\htdocs\\yariss_logistics\\api\\vendor\\laravel\\framework\\src\\Illuminate\\Routing\\Router.php(748): Illuminate\\Routing\\Router->runRoute()
#23 C:\\Apache24\\htdocs\\yariss_logistics\\api\\vendor\\laravel\\framework\\src\\Illuminate\\Routing\\Router.php(737): Illuminate\\Routing\\Router->dispatchToRoute()
#24 C:\\Apache24\\htdocs\\yariss_logistics\\api\\vendor\\laravel\\framework\\src\\Illuminate\\Foundation\\Http\\Kernel.php(200): Illuminate\\Routing\\Router->dispatch()
#25 C:\\Apache24\\htdocs\\yariss_logistics\\api\\vendor\\laravel\\framework\\src\\Illuminate\\Pipeline\\Pipeline.php(144): Illuminate\\Foundation\\Http\\Kernel->Illuminate\\Foundation\\Http\\{closure}()
#26 C:\\Apache24\\htdocs\\yariss_logistics\\api\\app\\Http\\Middleware\\CorsPolicy.php(20): Illuminate\\Pipeline\\Pipeline->Illuminate\\Pipeline\\{closure}()
#27 C:\\Apache24\\htdocs\\yariss_logistics\\api\\vendor\\laravel\\framework\\src\\Illuminate\\Pipeline\\Pipeline.php(183): App\\Http\\Middleware\\CorsPolicy->handle()
#28 C:\\Apache24\\htdocs\\yariss_logistics\\api\\vendor\\laravel\\framework\\src\\Illuminate\\Foundation\\Http\\Middleware\\TransformsRequest.php(21): Illuminate\\Pipeline\\Pipeline->Illuminate\\Pipeline\\{closure}()
#29 C:\\Apache24\\htdocs\\yariss_logistics\\api\\vendor\\laravel\\framework\\src\\Illuminate\\Foundation\\Http\\Middleware\\ConvertEmptyStringsToNull.php(31): Illuminate\\Foundation\\Http\\Middleware\\TransformsRequest->handle()
#30 C:\\Apache24\\htdocs\\yariss_logistics\\api\\vendor\\laravel\\framework\\src\\Illuminate\\Pipeline\\Pipeline.php(183): Illuminate\\Foundation\\Http\\Middleware\\ConvertEmptyStringsToNull->handle()
#31 C:\\Apache24\\htdocs\\yariss_logistics\\api\\vendor\\laravel\\framework\\src\\Illuminate\\Foundation\\Http\\Middleware\\ValidatePostSize.php(27): Illuminate\\Pipeline\\Pipeline->Illuminate\\Pipeline\\{closure}()
#32 C:\\Apache24\\htdocs\\yariss_logistics\\api\\vendor\\laravel\\framework\\src\\Illuminate\\Pipeline\\Pipeline.php(183): Illuminate\\Foundation\\Http\\Middleware\\ValidatePostSize->handle()
#33 C:\\Apache24\\htdocs\\yariss_logistics\\api\\vendor\\laravel\\framework\\src\\Illuminate\\Pipeline\\Pipeline.php(119): Illuminate\\Pipeline\\Pipeline->Illuminate\\Pipeline\\{closure}()
#34 C:\\Apache24\\htdocs\\yariss_logistics\\api\\vendor\\laravel\\framework\\src\\Illuminate\\Foundation\\Http\\Kernel.php(175): Illuminate\\Pipeline\\Pipeline->then()
#35 C:\\Apache24\\htdocs\\yariss_logistics\\api\\vendor\\laravel\\framework\\src\\Illuminate\\Foundation\\Http\\Kernel.php(144): Illuminate\\Foundation\\Http\\Kernel->sendRequestThroughRouter()
#36 C:\\Apache24\\htdocs\\yariss_logistics\\api\\public\\index.php(54): Illuminate\\Foundation\\Http\\Kernel->handle()
#37 C:\\Apache24\\htdocs\\yariss_logistics\\api\\server.php(21): require_once('...')
#38 {main}
"} 
